[debug] > Exec(;set _root_.scala.collection.Seq(historyPath := None,shellPrompt := { _ => "" },SettingKey[_root_.scala.Option[_root_.sbt.File]]("sbtStructureOutputFile") in _root_.sbt.Global := _root_.scala.Some(_root_.sbt.file("/tmp/sbt-structure.xml")),SettingKey[_root_.java.lang.String]("sbtStructureOptions") in _root_.sbt.Global := "download, resolveClassifiers");apply -cp "/home/bechir/.local/share/JetBrains/IdeaIC2020.1/Scala/repo/org.jetbrains/sbt-structure-extractor/scala_2.12/sbt_1.0/2018.2.1+4-88400d3f/jars/sbt-structure-extractor.jar" org.jetbrains.sbt.CreateTasks;*/*:dumpStructure, Some(844d8daa-6cd3-455c-a1bf-7971f8188981), Some(CommandSource(console0)))
[debug] > Exec(set _root_.scala.collection.Seq(historyPath := None,shellPrompt := { _ => "" },SettingKey[_root_.scala.Option[_root_.sbt.File]]("sbtStructureOutputFile") in _root_.sbt.Global := _root_.scala.Some(_root_.sbt.file("/tmp/sbt-structure.xml")),SettingKey[_root_.java.lang.String]("sbtStructureOptions") in _root_.sbt.Global := "download, resolveClassifiers"), None, Some(CommandSource(console0)))
[info] Defining Global / sbtStructureOptions, Global / sbtStructureOutputFile and 1 others.
[info] The new values will be used by cleanKeepGlobs
[info] 	Run `last` for details.
[debug] Defining 
[debug] 	Global / sbtStructureOptions
[debug] 	Global / sbtStructureOutputFile
[debug] 	history
[debug] 	shellPrompt
[debug] 
[debug] The new values will be used by 
[debug] 	cleanKeepGlobs
[info] Reapplying settings...
[info] set current project to HBASE_SPARK (in build file:/home/bechir/Downloads/HBASE_SPARK/)
[debug] > Exec(apply -cp "/home/bechir/.local/share/JetBrains/IdeaIC2020.1/Scala/repo/org.jetbrains/sbt-structure-extractor/scala_2.12/sbt_1.0/2018.2.1+4-88400d3f/jars/sbt-structure-extractor.jar" org.jetbrains.sbt.CreateTasks, None, Some(CommandSource(console0)))
[info] Applying State transformations org.jetbrains.sbt.CreateTasks from /home/bechir/.local/share/JetBrains/IdeaIC2020.1/Scala/repo/org.jetbrains/sbt-structure-extractor/scala_2.12/sbt_1.0/2018.2.1+4-88400d3f/jars/sbt-structure-extractor.jar
[info] Reapplying settings...
[info] set current project to HBASE_SPARK (in build file:/home/bechir/Downloads/HBASE_SPARK/)
[debug] > Exec(*/*:dumpStructure, None, Some(CommandSource(console0)))
[debug] Evaluating tasks: Global / dumpStructure
[debug] Running task... Cancel: Signal, check cycles: false, forcegc: true
[warn] There may be incompatibilities among your library dependencies; run 'evicted' to see detailed eviction warnings.
